1738179042.009522 client started (77312): version 3.5a, socket /private/tmp/tmux-501/default, protocol 8
1738179042.009631 on Darwin 24.2.0 Darwin Kernel Version 24.2.0: Fri Dec  6 19:02:41 PST 2024; root:xnu-11215.61.5~2/RELEASE_ARM64_T6030
1738179042.009644 using libevent 2.1.12-stable select
1738179042.009654 using utf8proc 2.10.0
1738179042.009728 using ncurses 6.5 20240427
1738179042.009762 flags are 0x10010000
1738179042.009768 socket is /private/tmp/tmux-501/default
1738179042.009778 trying connect
1738179042.009888 add peer 0x7fcec0048000: 6 (0x0)
1738179042.012419 sending message 111 to peer 0x7fcec0048000 (8 bytes)
1738179042.012430 sending message 111 to peer 0x7fcec0048000 (8 bytes)
1738179042.012435 sending message 101 to peer 0x7fcec0048000 (14 bytes)
1738179042.012439 sending message 109 to peer 0x7fcec0048000 (4 bytes)
1738179042.012444 sending message 102 to peer 0x7fcec0048000 (13 bytes)
1738179042.012449 sending message 108 to peer 0x7fcec0048000 (29 bytes)
1738179042.012453 sending message 112 to peer 0x7fcec0048000 (58 bytes)
1738179042.012457 sending message 112 to peer 0x7fcec0048000 (5 bytes)
1738179042.012461 sending message 112 to peer 0x7fcec0048000 (5 bytes)
1738179042.012465 sending message 112 to peer 0x7fcec0048000 (6 bytes)
1738179042.012469 sending message 112 to peer 0x7fcec0048000 (6 bytes)
1738179042.012473 sending message 112 to peer 0x7fcec0048000 (11 bytes)
1738179042.012477 sending message 112 to peer 0x7fcec0048000 (10 bytes)
1738179042.012481 sending message 112 to peer 0x7fcec0048000 (13 bytes)
1738179042.012485 sending message 112 to peer 0x7fcec0048000 (14 bytes)
1738179042.012489 sending message 112 to peer 0x7fcec0048000 (19 bytes)
1738179042.012492 sending message 112 to peer 0x7fcec0048000 (11 bytes)
1738179042.012496 sending message 112 to peer 0x7fcec0048000 (10 bytes)
1738179042.012500 sending message 112 to peer 0x7fcec0048000 (15 bytes)
1738179042.012504 sending message 112 to peer 0x7fcec0048000 (21 bytes)
1738179042.012508 sending message 112 to peer 0x7fcec0048000 (13 bytes)
1738179042.012512 sending message 112 to peer 0x7fcec0048000 (7 bytes)
1738179042.012515 sending message 112 to peer 0x7fcec0048000 (13 bytes)
1738179042.012519 sending message 112 to peer 0x7fcec0048000 (7 bytes)
1738179042.012523 sending message 112 to peer 0x7fcec0048000 (13 bytes)
1738179042.012527 sending message 112 to peer 0x7fcec0048000 (9 bytes)
1738179042.012531 sending message 112 to peer 0x7fcec0048000 (21 bytes)
1738179042.012535 sending message 112 to peer 0x7fcec0048000 (13 bytes)
1738179042.012538 sending message 112 to peer 0x7fcec0048000 (9 bytes)
1738179042.012542 sending message 112 to peer 0x7fcec0048000 (16 bytes)
1738179042.012546 sending message 112 to peer 0x7fcec0048000 (13 bytes)
1738179042.012550 sending message 112 to peer 0x7fcec0048000 (9 bytes)
1738179042.012554 sending message 112 to peer 0x7fcec0048000 (9 bytes)
1738179042.012557 sending message 112 to peer 0x7fcec0048000 (12 bytes)
1738179042.012561 sending message 112 to peer 0x7fcec0048000 (8 bytes)
1738179042.012565 sending message 112 to peer 0x7fcec0048000 (8 bytes)
1738179042.012568 sending message 112 to peer 0x7fcec0048000 (13 bytes)
1738179042.012572 sending message 112 to peer 0x7fcec0048000 (7 bytes)
1738179042.012575 sending message 112 to peer 0x7fcec0048000 (7 bytes)
1738179042.012579 sending message 112 to peer 0x7fcec0048000 (9 bytes)
1738179042.012582 sending message 112 to peer 0x7fcec0048000 (13 bytes)
1738179042.012586 sending message 112 to peer 0x7fcec0048000 (9 bytes)
1738179042.012590 sending message 112 to peer 0x7fcec0048000 (15 bytes)
1738179042.012593 sending message 112 to peer 0x7fcec0048000 (13 bytes)
1738179042.012597 sending message 112 to peer 0x7fcec0048000 (12 bytes)
1738179042.012600 sending message 112 to peer 0x7fcec0048000 (8 bytes)
1738179042.012604 sending message 112 to peer 0x7fcec0048000 (14 bytes)
1738179042.012607 sending message 112 to peer 0x7fcec0048000 (11 bytes)
1738179042.012611 sending message 112 to peer 0x7fcec0048000 (9 bytes)
1738179042.012615 sending message 112 to peer 0x7fcec0048000 (10 bytes)
1738179042.012629 sending message 112 to peer 0x7fcec0048000 (10 bytes)
1738179042.012632 sending message 112 to peer 0x7fcec0048000 (10 bytes)
1738179042.012635 sending message 112 to peer 0x7fcec0048000 (10 bytes)
1738179042.012637 sending message 112 to peer 0x7fcec0048000 (11 bytes)
1738179042.012640 sending message 112 to peer 0x7fcec0048000 (12 bytes)
1738179042.012643 sending message 112 to peer 0x7fcec0048000 (12 bytes)
1738179042.012645 sending message 112 to peer 0x7fcec0048000 (12 bytes)
1738179042.012648 sending message 112 to peer 0x7fcec0048000 (12 bytes)
1738179042.012650 sending message 112 to peer 0x7fcec0048000 (12 bytes)
1738179042.012653 sending message 112 to peer 0x7fcec0048000 (11 bytes)
1738179042.012656 sending message 112 to peer 0x7fcec0048000 (11 bytes)
1738179042.012658 sending message 112 to peer 0x7fcec0048000 (12 bytes)
1738179042.012661 sending message 112 to peer 0x7fcec0048000 (12 bytes)
1738179042.012664 sending message 112 to peer 0x7fcec0048000 (12 bytes)
1738179042.012666 sending message 112 to peer 0x7fcec0048000 (12 bytes)
1738179042.012669 sending message 112 to peer 0x7fcec0048000 (12 bytes)
1738179042.012671 sending message 112 to peer 0x7fcec0048000 (9 bytes)
1738179042.012674 sending message 112 to peer 0x7fcec0048000 (12 bytes)
1738179042.012677 sending message 112 to peer 0x7fcec0048000 (13 bytes)
1738179042.012679 sending message 112 to peer 0x7fcec0048000 (13 bytes)
1738179042.012682 sending message 112 to peer 0x7fcec0048000 (13 bytes)
1738179042.012684 sending message 112 to peer 0x7fcec0048000 (13 bytes)
1738179042.012687 sending message 112 to peer 0x7fcec0048000 (13 bytes)
1738179042.012690 sending message 112 to peer 0x7fcec0048000 (8 bytes)
1738179042.012692 sending message 112 to peer 0x7fcec0048000 (11 bytes)
1738179042.012695 sending message 112 to peer 0x7fcec0048000 (11 bytes)
1738179042.012698 sending message 112 to peer 0x7fcec0048000 (11 bytes)
1738179042.012700 sending message 112 to peer 0x7fcec0048000 (12 bytes)
1738179042.012703 sending message 112 to peer 0x7fcec0048000 (12 bytes)
1738179042.012705 sending message 112 to peer 0x7fcec0048000 (12 bytes)
1738179042.012708 sending message 112 to peer 0x7fcec0048000 (12 bytes)
1738179042.012711 sending message 112 to peer 0x7fcec0048000 (13 bytes)
1738179042.012713 sending message 112 to peer 0x7fcec0048000 (13 bytes)
1738179042.012716 sending message 112 to peer 0x7fcec0048000 (13 bytes)
1738179042.012718 sending message 112 to peer 0x7fcec0048000 (8 bytes)
1738179042.012721 sending message 112 to peer 0x7fcec0048000 (13 bytes)
1738179042.012723 sending message 112 to peer 0x7fcec0048000 (13 bytes)
1738179042.012726 sending message 112 to peer 0x7fcec0048000 (13 bytes)
1738179042.012729 sending message 112 to peer 0x7fcec0048000 (13 bytes)
1738179042.012731 sending message 112 to peer 0x7fcec0048000 (13 bytes)
1738179042.012734 sending message 112 to peer 0x7fcec0048000 (12 bytes)
1738179042.012737 sending message 112 to peer 0x7fcec0048000 (12 bytes)
1738179042.012739 sending message 112 to peer 0x7fcec0048000 (12 bytes)
1738179042.012742 sending message 112 to peer 0x7fcec0048000 (12 bytes)
1738179042.012744 sending message 112 to peer 0x7fcec0048000 (13 bytes)
1738179042.012747 sending message 112 to peer 0x7fcec0048000 (8 bytes)
1738179042.012750 sending message 112 to peer 0x7fcec0048000 (13 bytes)
1738179042.012752 sending message 112 to peer 0x7fcec0048000 (13 bytes)
1738179042.012755 sending message 112 to peer 0x7fcec0048000 (13 bytes)
1738179042.012757 sending message 112 to peer 0x7fcec0048000 (13 bytes)
1738179042.012760 sending message 112 to peer 0x7fcec0048000 (13 bytes)
1738179042.012763 sending message 112 to peer 0x7fcec0048000 (13 bytes)
1738179042.012765 sending message 112 to peer 0x7fcec0048000 (13 bytes)
1738179042.012768 sending message 112 to peer 0x7fcec0048000 (12 bytes)
1738179042.012770 sending message 112 to peer 0x7fcec0048000 (12 bytes)
1738179042.012773 sending message 112 to peer 0x7fcec0048000 (12 bytes)
1738179042.012775 sending message 112 to peer 0x7fcec0048000 (8 bytes)
1738179042.012783 sending message 112 to peer 0x7fcec0048000 (12 bytes)
1738179042.012786 sending message 112 to peer 0x7fcec0048000 (13 bytes)
1738179042.012788 sending message 112 to peer 0x7fcec0048000 (13 bytes)
1738179042.012791 sending message 112 to peer 0x7fcec0048000 (13 bytes)
1738179042.012794 sending message 112 to peer 0x7fcec0048000 (13 bytes)
1738179042.012796 sending message 112 to peer 0x7fcec0048000 (13 bytes)
1738179042.012799 sending message 112 to peer 0x7fcec0048000 (13 bytes)
1738179042.012801 sending message 112 to peer 0x7fcec0048000 (13 bytes)
1738179042.012804 sending message 112 to peer 0x7fcec0048000 (13 bytes)
1738179042.012807 sending message 112 to peer 0x7fcec0048000 (12 bytes)
1738179042.012809 sending message 112 to peer 0x7fcec0048000 (10 bytes)
1738179042.012812 sending message 112 to peer 0x7fcec0048000 (12 bytes)
1738179042.012814 sending message 112 to peer 0x7fcec0048000 (12 bytes)
1738179042.012817 sending message 112 to peer 0x7fcec0048000 (12 bytes)
1738179042.012819 sending message 112 to peer 0x7fcec0048000 (13 bytes)
1738179042.012822 sending message 112 to peer 0x7fcec0048000 (13 bytes)
1738179042.012825 sending message 112 to peer 0x7fcec0048000 (13 bytes)
1738179042.012827 sending message 112 to peer 0x7fcec0048000 (13 bytes)
1738179042.012830 sending message 112 to peer 0x7fcec0048000 (13 bytes)
1738179042.012832 sending message 112 to peer 0x7fcec0048000 (13 bytes)
1738179042.012835 sending message 112 to peer 0x7fcec0048000 (13 bytes)
1738179042.012837 sending message 112 to peer 0x7fcec0048000 (10 bytes)
1738179042.012840 sending message 112 to peer 0x7fcec0048000 (13 bytes)
1738179042.012843 sending message 112 to peer 0x7fcec0048000 (12 bytes)
1738179042.012845 sending message 112 to peer 0x7fcec0048000 (12 bytes)
1738179042.012848 sending message 112 to peer 0x7fcec0048000 (12 bytes)
1738179042.012850 sending message 112 to peer 0x7fcec0048000 (10 bytes)
1738179042.012853 sending message 112 to peer 0x7fcec0048000 (10 bytes)
1738179042.012855 sending message 112 to peer 0x7fcec0048000 (10 bytes)
1738179042.012858 sending message 112 to peer 0x7fcec0048000 (12 bytes)
1738179042.012860 sending message 112 to peer 0x7fcec0048000 (13 bytes)
1738179042.012863 sending message 112 to peer 0x7fcec0048000 (13 bytes)
1738179042.012866 sending message 112 to peer 0x7fcec0048000 (13 bytes)
1738179042.012868 sending message 112 to peer 0x7fcec0048000 (13 bytes)
1738179042.012871 sending message 112 to peer 0x7fcec0048000 (13 bytes)
1738179042.012873 sending message 112 to peer 0x7fcec0048000 (10 bytes)
1738179042.012876 sending message 112 to peer 0x7fcec0048000 (11 bytes)
1738179042.012878 sending message 112 to peer 0x7fcec0048000 (12 bytes)
1738179042.012881 sending message 112 to peer 0x7fcec0048000 (12 bytes)
1738179042.012884 sending message 112 to peer 0x7fcec0048000 (12 bytes)
1738179042.012886 sending message 112 to peer 0x7fcec0048000 (12 bytes)
1738179042.012889 sending message 112 to peer 0x7fcec0048000 (12 bytes)
1738179042.012891 sending message 112 to peer 0x7fcec0048000 (11 bytes)
1738179042.012894 sending message 112 to peer 0x7fcec0048000 (12 bytes)
1738179042.012896 sending message 112 to peer 0x7fcec0048000 (12 bytes)
1738179042.012899 sending message 112 to peer 0x7fcec0048000 (13 bytes)
1738179042.012902 sending message 112 to peer 0x7fcec0048000 (13 bytes)
1738179042.012904 sending message 112 to peer 0x7fcec0048000 (13 bytes)
1738179042.012907 sending message 112 to peer 0x7fcec0048000 (13 bytes)
1738179042.012909 sending message 112 to peer 0x7fcec0048000 (13 bytes)
1738179042.012912 sending message 112 to peer 0x7fcec0048000 (10 bytes)
1738179042.012914 sending message 112 to peer 0x7fcec0048000 (9 bytes)
1738179042.012917 sending message 112 to peer 0x7fcec0048000 (12 bytes)
1738179042.012920 sending message 112 to peer 0x7fcec0048000 (13 bytes)
1738179042.012922 sending message 112 to peer 0x7fcec0048000 (13 bytes)
1738179042.012925 sending message 112 to peer 0x7fcec0048000 (13 bytes)
1738179042.012927 sending message 112 to peer 0x7fcec0048000 (13 bytes)
1738179042.012933 sending message 112 to peer 0x7fcec0048000 (13 bytes)
1738179042.012936 sending message 112 to peer 0x7fcec0048000 (9 bytes)
1738179042.012939 sending message 112 to peer 0x7fcec0048000 (12 bytes)
1738179042.012941 sending message 112 to peer 0x7fcec0048000 (13 bytes)
1738179042.012944 sending message 112 to peer 0x7fcec0048000 (13 bytes)
1738179042.012947 sending message 112 to peer 0x7fcec0048000 (13 bytes)
1738179042.012949 sending message 112 to peer 0x7fcec0048000 (13 bytes)
1738179042.012952 sending message 112 to peer 0x7fcec0048000 (13 bytes)
1738179042.012954 sending message 112 to peer 0x7fcec0048000 (11 bytes)
1738179042.012957 sending message 112 to peer 0x7fcec0048000 (12 bytes)
1738179042.012959 sending message 112 to peer 0x7fcec0048000 (13 bytes)
1738179042.012962 sending message 112 to peer 0x7fcec0048000 (13 bytes)
1738179042.012964 sending message 112 to peer 0x7fcec0048000 (13 bytes)
1738179042.012967 sending message 112 to peer 0x7fcec0048000 (13 bytes)
1738179042.012969 sending message 112 to peer 0x7fcec0048000 (13 bytes)
1738179042.012972 sending message 112 to peer 0x7fcec0048000 (11 bytes)
1738179042.012975 sending message 112 to peer 0x7fcec0048000 (12 bytes)
1738179042.012978 sending message 112 to peer 0x7fcec0048000 (12 bytes)
1738179042.012981 sending message 112 to peer 0x7fcec0048000 (12 bytes)
1738179042.012984 sending message 112 to peer 0x7fcec0048000 (12 bytes)
1738179042.012986 sending message 112 to peer 0x7fcec0048000 (12 bytes)
1738179042.012989 sending message 112 to peer 0x7fcec0048000 (21 bytes)
1738179042.012991 sending message 112 to peer 0x7fcec0048000 (12 bytes)
1738179042.012994 sending message 112 to peer 0x7fcec0048000 (9 bytes)
1738179042.012997 sending message 112 to peer 0x7fcec0048000 (6 bytes)
1738179042.012999 sending message 112 to peer 0x7fcec0048000 (13 bytes)
1738179042.013002 sending message 112 to peer 0x7fcec0048000 (10 bytes)
1738179042.013004 sending message 112 to peer 0x7fcec0048000 (15 bytes)
1738179042.013007 sending message 112 to peer 0x7fcec0048000 (13 bytes)
1738179042.013010 sending message 112 to peer 0x7fcec0048000 (9 bytes)
1738179042.013012 sending message 112 to peer 0x7fcec0048000 (70 bytes)
1738179042.013015 sending message 112 to peer 0x7fcec0048000 (69 bytes)
1738179042.013017 sending message 112 to peer 0x7fcec0048000 (12 bytes)
1738179042.013020 sending message 112 to peer 0x7fcec0048000 (10 bytes)
1738179042.013023 sending message 112 to peer 0x7fcec0048000 (10 bytes)
1738179042.013025 sending message 112 to peer 0x7fcec0048000 (15 bytes)
1738179042.013028 sending message 112 to peer 0x7fcec0048000 (13 bytes)
1738179042.013030 sending message 112 to peer 0x7fcec0048000 (10 bytes)
1738179042.013033 sending message 112 to peer 0x7fcec0048000 (10 bytes)
1738179042.013035 sending message 112 to peer 0x7fcec0048000 (13 bytes)
1738179042.013038 sending message 112 to peer 0x7fcec0048000 (5 bytes)
1738179042.013041 sending message 112 to peer 0x7fcec0048000 (15 bytes)
1738179042.013043 sending message 112 to peer 0x7fcec0048000 (5 bytes)
1738179042.013047 sending message 104 to peer 0x7fcec0048000 (0 bytes)
1738179042.013050 sending message 110 to peer 0x7fcec0048000 (0 bytes)
1738179042.013053 sending message 107 to peer 0x7fcec0048000 (4 bytes)
1738179042.013056 sending message 105 to peer 0x7fcec0048000 (30 bytes)
1738179042.013058 sending message 105 to peer 0x7fcec0048000 (29 bytes)
1738179042.013061 sending message 105 to peer 0x7fcec0048000 (30 bytes)
1738179042.013064 sending message 105 to peer 0x7fcec0048000 (24 bytes)
1738179042.013066 sending message 105 to peer 0x7fcec0048000 (25 bytes)
1738179042.013069 sending message 105 to peer 0x7fcec0048000 (16 bytes)
1738179042.013071 sending message 105 to peer 0x7fcec0048000 (17 bytes)
1738179042.013074 sending message 105 to peer 0x7fcec0048000 (23 bytes)
1738179042.013077 sending message 105 to peer 0x7fcec0048000 (18 bytes)
1738179042.013079 sending message 105 to peer 0x7fcec0048000 (21 bytes)
1738179042.013082 sending message 105 to peer 0x7fcec0048000 (150 bytes)
1738179042.013093 sending message 105 to peer 0x7fcec0048000 (155 bytes)
1738179042.013096 sending message 105 to peer 0x7fcec0048000 (11 bytes)
1738179042.013099 sending message 105 to peer 0x7fcec0048000 (20 bytes)
1738179042.013102 sending message 105 to peer 0x7fcec0048000 (22 bytes)
1738179042.013104 sending message 105 to peer 0x7fcec0048000 (45 bytes)
1738179042.013107 sending message 105 to peer 0x7fcec0048000 (47 bytes)
1738179042.013110 sending message 105 to peer 0x7fcec0048000 (11 bytes)
1738179042.013112 sending message 105 to peer 0x7fcec0048000 (35 bytes)
1738179042.013115 sending message 105 to peer 0x7fcec0048000 (35 bytes)
1738179042.013117 sending message 105 to peer 0x7fcec0048000 (25 bytes)
1738179042.013120 sending message 105 to peer 0x7fcec0048000 (19 bytes)
1738179042.013123 sending message 105 to peer 0x7fcec0048000 (19 bytes)
1738179042.013125 sending message 105 to peer 0x7fcec0048000 (64 bytes)
1738179042.013128 sending message 105 to peer 0x7fcec0048000 (33 bytes)
1738179042.013130 sending message 105 to peer 0x7fcec0048000 (11 bytes)
1738179042.013133 sending message 105 to peer 0x7fcec0048000 (25 bytes)
1738179042.013135 sending message 105 to peer 0x7fcec0048000 (51 bytes)
1738179042.013138 sending message 105 to peer 0x7fcec0048000 (51 bytes)
1738179042.013141 sending message 105 to peer 0x7fcec0048000 (54 bytes)
1738179042.013148 sending message 105 to peer 0x7fcec0048000 (55 bytes)
1738179042.013151 sending message 105 to peer 0x7fcec0048000 (240 bytes)
1738179042.013154 sending message 105 to peer 0x7fcec0048000 (57 bytes)
1738179042.013157 sending message 105 to peer 0x7fcec0048000 (75 bytes)
1738179042.013159 sending message 105 to peer 0x7fcec0048000 (38 bytes)
1738179042.013162 sending message 105 to peer 0x7fcec0048000 (18 bytes)
1738179042.013164 sending message 105 to peer 0x7fcec0048000 (23 bytes)
1738179042.013167 sending message 105 to peer 0x7fcec0048000 (50 bytes)
1738179042.013170 sending message 105 to peer 0x7fcec0048000 (37 bytes)
1738179042.013172 sending message 105 to peer 0x7fcec0048000 (45 bytes)
1738179042.013175 sending message 105 to peer 0x7fcec0048000 (24 bytes)
1738179042.013178 sending message 105 to peer 0x7fcec0048000 (16 bytes)
1738179042.013180 sending message 105 to peer 0x7fcec0048000 (39 bytes)
1738179042.013183 sending message 105 to peer 0x7fcec0048000 (34 bytes)
1738179042.013185 sending message 105 to peer 0x7fcec0048000 (48 bytes)
1738179042.013188 sending message 105 to peer 0x7fcec0048000 (19 bytes)
1738179042.013191 sending message 105 to peer 0x7fcec0048000 (14 bytes)
1738179042.013193 sending message 105 to peer 0x7fcec0048000 (19 bytes)
1738179042.013196 sending message 105 to peer 0x7fcec0048000 (43 bytes)
1738179042.013198 sending message 105 to peer 0x7fcec0048000 (34 bytes)
1738179042.013201 sending message 105 to peer 0x7fcec0048000 (27 bytes)
1738179042.013203 sending message 105 to peer 0x7fcec0048000 (40 bytes)
1738179042.013206 sending message 105 to peer 0x7fcec0048000 (35 bytes)
1738179042.013209 sending message 105 to peer 0x7fcec0048000 (54 bytes)
1738179042.013211 sending message 105 to peer 0x7fcec0048000 (31 bytes)
1738179042.013214 sending message 105 to peer 0x7fcec0048000 (13 bytes)
1738179042.013216 sending message 105 to peer 0x7fcec0048000 (17 bytes)
1738179042.013219 sending message 105 to peer 0x7fcec0048000 (19 bytes)
1738179042.013222 sending message 105 to peer 0x7fcec0048000 (53 bytes)
1738179042.013224 sending message 105 to peer 0x7fcec0048000 (11 bytes)
1738179042.013227 sending message 105 to peer 0x7fcec0048000 (23 bytes)
1738179042.013229 sending message 105 to peer 0x7fcec0048000 (17 bytes)
1738179042.013232 sending message 105 to peer 0x7fcec0048000 (15 bytes)
1738179042.013235 sending message 105 to peer 0x7fcec0048000 (32 bytes)
1738179042.013237 sending message 105 to peer 0x7fcec0048000 (110 bytes)
1738179042.013240 sending message 105 to peer 0x7fcec0048000 (94 bytes)
1738179042.013243 sending message 105 to peer 0x7fcec0048000 (91 bytes)
1738179042.013245 sending message 105 to peer 0x7fcec0048000 (17 bytes)
1738179042.013251 sending message 105 to peer 0x7fcec0048000 (210 bytes)
1738179042.013254 sending message 105 to peer 0x7fcec0048000 (70 bytes)
1738179042.013257 sending message 105 to peer 0x7fcec0048000 (76 bytes)
1738179042.013259 sending message 105 to peer 0x7fcec0048000 (47 bytes)
1738179042.013262 sending message 105 to peer 0x7fcec0048000 (53 bytes)
1738179042.013265 sending message 105 to peer 0x7fcec0048000 (44 bytes)
1738179042.013267 sending message 105 to peer 0x7fcec0048000 (16 bytes)
1738179042.013270 sending message 105 to peer 0x7fcec0048000 (27 bytes)
1738179042.013272 sending message 105 to peer 0x7fcec0048000 (26 bytes)
1738179042.013275 sending message 105 to peer 0x7fcec0048000 (36 bytes)
1738179042.013278 sending message 105 to peer 0x7fcec0048000 (10 bytes)
1738179042.013280 sending message 105 to peer 0x7fcec0048000 (12 bytes)
1738179042.013283 sending message 105 to peer 0x7fcec0048000 (11 bytes)
1738179042.013287 sending message 105 to peer 0x7fcec0048000 (880 bytes)
1738179042.013290 sending message 105 to peer 0x7fcec0048000 (53 bytes)
1738179042.013292 sending message 105 to peer 0x7fcec0048000 (33 bytes)
1738179042.013295 sending message 105 to peer 0x7fcec0048000 (32 bytes)
1738179042.013298 sending message 105 to peer 0x7fcec0048000 (16 bytes)
1738179042.013300 sending message 105 to peer 0x7fcec0048000 (14 bytes)
1738179042.013303 sending message 105 to peer 0x7fcec0048000 (54 bytes)
1738179042.013305 sending message 105 to peer 0x7fcec0048000 (25 bytes)
1738179042.013308 sending message 105 to peer 0x7fcec0048000 (8 bytes)
1738179042.013311 sending message 105 to peer 0x7fcec0048000 (66 bytes)
1738179042.013313 sending message 105 to peer 0x7fcec0048000 (16 bytes)
1738179042.013316 sending message 105 to peer 0x7fcec0048000 (28 bytes)
1738179042.013318 sending message 105 to peer 0x7fcec0048000 (19 bytes)
1738179042.013321 sending message 105 to peer 0x7fcec0048000 (20 bytes)
1738179042.013324 sending message 105 to peer 0x7fcec0048000 (63 bytes)
1738179042.013327 sending message 105 to peer 0x7fcec0048000 (18 bytes)
1738179042.013330 sending message 105 to peer 0x7fcec0048000 (26 bytes)
1738179042.013332 sending message 105 to peer 0x7fcec0048000 (57 bytes)
1738179042.013335 sending message 105 to peer 0x7fcec0048000 (43 bytes)
1738179042.013338 sending message 105 to peer 0x7fcec0048000 (44 bytes)
1738179042.013340 sending message 105 to peer 0x7fcec0048000 (13 bytes)
1738179042.013343 sending message 105 to peer 0x7fcec0048000 (12 bytes)
1738179042.013346 sending message 105 to peer 0x7fcec0048000 (13 bytes)
1738179042.013349 sending message 105 to peer 0x7fcec0048000 (37 bytes)
1738179042.013351 sending message 105 to peer 0x7fcec0048000 (12 bytes)
1738179042.013354 sending message 105 to peer 0x7fcec0048000 (26 bytes)
1738179042.013357 sending message 105 to peer 0x7fcec0048000 (50 bytes)
1738179042.013360 sending message 105 to peer 0x7fcec0048000 (34 bytes)
1738179042.013362 sending message 105 to peer 0x7fcec0048000 (51 bytes)
1738179042.013365 sending message 105 to peer 0x7fcec0048000 (43 bytes)
1738179042.013367 sending message 105 to peer 0x7fcec0048000 (38 bytes)
1738179042.013370 sending message 105 to peer 0x7fcec0048000 (512 bytes)
1738179042.013373 sending message 105 to peer 0x7fcec0048000 (48 bytes)
1738179042.013376 sending message 105 to peer 0x7fcec0048000 (45 bytes)
1738179042.013378 sending message 105 to peer 0x7fcec0048000 (42 bytes)
1738179042.013381 sending message 105 to peer 0x7fcec0048000 (42 bytes)
1738179042.013384 sending message 105 to peer 0x7fcec0048000 (14 bytes)
1738179042.013386 sending message 105 to peer 0x7fcec0048000 (19 bytes)
1738179042.013389 sending message 105 to peer 0x7fcec0048000 (34 bytes)
1738179042.013391 sending message 105 to peer 0x7fcec0048000 (29 bytes)
1738179042.013394 sending message 105 to peer 0x7fcec0048000 (38 bytes)
1738179042.013397 sending message 105 to peer 0x7fcec0048000 (43 bytes)
1738179042.013399 sending message 105 to peer 0x7fcec0048000 (26 bytes)
1738179042.013405 sending message 105 to peer 0x7fcec0048000 (22 bytes)
1738179042.013408 sending message 105 to peer 0x7fcec0048000 (43 bytes)
1738179042.013411 sending message 105 to peer 0x7fcec0048000 (32 bytes)
1738179042.013413 sending message 105 to peer 0x7fcec0048000 (20 bytes)
1738179042.013416 sending message 105 to peer 0x7fcec0048000 (14 bytes)
1738179042.013418 sending message 105 to peer 0x7fcec0048000 (36 bytes)
1738179042.013422 sending message 105 to peer 0x7fcec0048000 (15 bytes)
1738179042.013425 sending message 105 to peer 0x7fcec0048000 (27 bytes)
1738179042.013427 sending message 105 to peer 0x7fcec0048000 (18 bytes)
1738179042.013430 sending message 105 to peer 0x7fcec0048000 (10 bytes)
1738179042.013432 sending message 105 to peer 0x7fcec0048000 (14 bytes)
1738179042.013435 sending message 105 to peer 0x7fcec0048000 (18 bytes)
1738179042.013438 sending message 105 to peer 0x7fcec0048000 (20 bytes)
1738179042.013440 sending message 105 to peer 0x7fcec0048000 (28 bytes)
1738179042.013443 sending message 105 to peer 0x7fcec0048000 (25 bytes)
1738179042.013445 sending message 105 to peer 0x7fcec0048000 (23 bytes)
1738179042.013448 sending message 105 to peer 0x7fcec0048000 (11 bytes)
1738179042.013450 sending message 105 to peer 0x7fcec0048000 (16 bytes)
1738179042.013453 sending message 105 to peer 0x7fcec0048000 (15 bytes)
1738179042.013455 sending message 105 to peer 0x7fcec0048000 (15 bytes)
1738179042.013458 sending message 105 to peer 0x7fcec0048000 (15 bytes)
1738179042.013461 sending message 105 to peer 0x7fcec0048000 (23 bytes)
1738179042.013463 sending message 105 to peer 0x7fcec0048000 (15 bytes)
1738179042.013466 sending message 105 to peer 0x7fcec0048000 (17 bytes)
1738179042.013468 sending message 105 to peer 0x7fcec0048000 (9 bytes)
1738179042.013471 sending message 105 to peer 0x7fcec0048000 (17 bytes)
1738179042.013473 sending message 105 to peer 0x7fcec0048000 (14 bytes)
1738179042.013476 sending message 105 to peer 0x7fcec0048000 (29 bytes)
1738179042.013479 sending message 105 to peer 0x7fcec0048000 (22 bytes)
1738179042.013481 sending message 106 to peer 0x7fcec0048000 (0 bytes)
1738179042.013535 sending message 200 to peer 0x7fcec0048000 (4 bytes)
1738179042.013539 client loop enter
1738179042.013810 peer 0x7fcec0048000 message 303
1738179042.013826 open write file 2 -
1738179042.013843 sending message 305 to peer 0x7fcec0048000 (8 bytes)
1738179042.013912 write check file 2
1738179042.013935 peer 0x7fcec0048000 message 304
1738179042.013945 write 58 to file 2
1738179042.013951 peer 0x7fcec0048000 message 203
1738179042.013965 file 2 58 bytes left
1738179042.013976 write check file 2
1738179042.013979 client loop exit
